2024-07-25 07:54:26.808 UTC [1] LOG:  aborting any active transactions
2024-07-25 07:54:26.808 UTC [1217] FATAL:  terminating connection due to administrator command
2024-07-25 07:54:26.808 UTC [1185] FATAL:  terminating connection due to administrator command
2024-07-25 07:54:26.808 UTC [1124] FATAL:  terminating connection due to administrator command
2024-07-25 07:54:26.808 UTC [1167] FATAL:  terminating connection due to administrator command
2024-07-25 07:54:26.809 UTC [1172] FATAL:  terminating connection due to administrator command
2024-07-25 07:54:26.809 UTC [1113] FATAL:  terminating connection due to administrator command
2024-07-25 07:54:26.809 UTC [1095] FATAL:  terminating connection due to administrator command
2024-07-25 07:54:26.809 UTC [1176] FATAL:  terminating connection due to administrator command
2024-07-25 07:54:26.811 UTC [1086] FATAL:  terminating connection due to administrator command
2024-07-25 07:54:26.811 UTC [1045] FATAL:  terminating connection due to administrator command
2024-07-25 07:54:26.811 UTC [783] FATAL:  terminating connection due to administrator command
2024-07-25 07:54:26.811 UTC [780] FATAL:  terminating connection due to administrator command
2024-07-25 07:54:26.812 UTC [1009] FATAL:  terminating connection due to administrator command
2024-07-25 07:54:26.812 UTC [190] FATAL:  terminating connection due to administrator command
2024-07-25 07:54:26.812 UTC [230] FATAL:  terminating connection due to administrator command
2024-07-25 07:54:26.812 UTC [707] FATAL:  terminating connection due to administrator command
2024-07-25 07:54:26.813 UTC [95] FATAL:  terminating connection due to administrator command
2024-07-25 07:54:26.814 UTC [1062] FATAL:  terminating connection due to administrator command
2024-07-25 07:54:26.814 UTC [240] FATAL:  terminating connection due to administrator command
2024-07-25 07:54:26.815 UTC [710] FATAL:  terminating connection due to administrator command
2024-07-25 07:54:26.816 UTC [702] FATAL:  terminating connection due to administrator command
2024-07-25 07:54:26.815 UTC [456] FATAL:  terminating connection due to administrator command
2024-07-25 07:54:26.817 UTC [1004] FATAL:  terminating connection due to administrator command
2024-07-25 07:54:26.817 UTC [978] FATAL:  terminating connection due to administrator command
2024-07-25 07:54:26.818 UTC [699] FATAL:  terminating connection due to administrator command
2024-07-25 07:54:26.818 UTC [724] FATAL:  terminating connection due to administrator command
2024-07-25 07:54:26.818 UTC [288] FATAL:  terminating connection due to administrator command
2024-07-25 07:54:26.818 UTC [233] FATAL:  terminating connection due to administrator command
2024-07-25 07:54:26.818 UTC [1036] FATAL:  terminating connection due to administrator command
2024-07-25 07:54:26.820 UTC [1029] FATAL:  terminating connection due to administrator command
2024-07-25 07:54:26.820 UTC [284] FATAL:  terminating connection due to administrator command
2024-07-25 07:54:26.820 UTC [523] FATAL:  terminating connection due to administrator command
2024-07-25 07:54:26.821 UTC [195] FATAL:  terminating connection due to administrator command
2024-07-25 07:54:26.821 UTC [756] FATAL:  terminating connection due to administrator command
2024-07-25 07:54:26.822 UTC [960] FATAL:  terminating connection due to administrator command
2024-07-25 07:54:26.822 UTC [506] FATAL:  terminating connection due to administrator command
2024-07-25 07:54:26.822 UTC [1025] FATAL:  terminating connection due to administrator command
2024-07-25 07:54:26.822 UTC [471] FATAL:  terminating connection due to administrator command
2024-07-25 07:54:26.823 UTC [461] FATAL:  terminating connection due to administrator command
2024-07-25 07:54:26.824 UTC [440] FATAL:  terminating connection due to administrator command
2024-07-25 07:54:26.824 UTC [448] FATAL:  terminating connection due to administrator command
2024-07-25 07:54:26.824 UTC [958] FATAL:  terminating connection due to administrator command
2024-07-25 07:54:26.825 UTC [444] FATAL:  terminating connection due to administrator command
2024-07-25 07:54:26.825 UTC [716] FATAL:  terminating connection due to administrator command
2024-07-25 07:54:26.826 UTC [212] FATAL:  terminating connection due to administrator command
2024-07-25 07:54:26.827 UTC [983] FATAL:  terminating connection due to administrator command
2024-07-25 07:54:26.827 UTC [222] FATAL:  terminating connection due to administrator command
2024-07-25 07:54:26.828 UTC [759] FATAL:  terminating connection due to administrator command
2024-07-25 07:54:26.828 UTC [181] FATAL:  terminating connection due to administrator command
2024-07-25 07:54:26.829 UTC [319] FATAL:  terminating connection due to administrator command
2024-07-25 07:54:26.829 UTC [868] FATAL:  terminating connection due to administrator command
2024-07-25 07:54:26.830 UTC [942] FATAL:  terminating connection due to administrator command
2024-07-25 07:54:26.829 UTC [954] FATAL:  terminating connection due to administrator command
2024-07-25 07:54:26.830 UTC [915] FATAL:  terminating connection due to administrator command
2024-07-25 07:54:26.831 UTC [948] FATAL:  terminating connection due to administrator command
2024-07-25 07:54:26.831 UTC [945] FATAL:  terminating connection due to administrator command
2024-07-25 07:54:26.832 UTC [309] FATAL:  terminating connection due to administrator command
2024-07-25 07:54:26.833 UTC [1] LOG:  background worker "logical replication launcher" (PID 93) exited with exit code 1
2024-07-25 07:54:26.833 UTC [713] FATAL:  terminating connection due to administrator command
2024-07-25 07:54:26.833 UTC [281] FATAL:  terminating connection due to administrator command
2024-07-25 07:54:26.834 UTC [930] FATAL:  terminating connection due to administrator command
2024-07-25 07:54:26.835 UTC [936] FATAL:  terminating connection due to administrator command
2024-07-25 07:54:26.836 UTC [278] FATAL:  terminating connection due to administrator command
2024-07-25 07:54:26.843 UTC [88] LOG:  shutting down
2024-07-25 07:54:26.852 UTC [1] LOG:  database system is shut down
